<?xml version="1.0" encoding="UTF-8"?>
<!-- Generated by org.testng.reporters.JUnitReportReporter -->
<testsuite hostname="LAPTOP-9AGJIQ9K" failures="0" tests="62" name="com.myelth.tests.HomePageTest" time="1356.719" errors="0" timestamp="2022-09-22T22:47:40 IST" skipped="0">
  <testcase classname="com.myelth.tests.HomePageTest" name="LogoTest" time="18.342"/>
  <system-out/>
  <testcase classname="com.myelth.tests.HomePageTest" name="HomeTextTest" time="18.393"/>
  <system-out/>
  <testcase classname="com.myelth.tests.HomePageTest" name="HomeTest" time="34.453"/>
  <system-out/>
  <testcase classname="com.myelth.tests.HomePageTest" name="PayersTextTest" time="19.894"/>
  <system-out/>
  <testcase classname="com.myelth.tests.HomePageTest" name="PayersTest" time="22.689"/>
  <system-out/>
  <testcase classname="com.myelth.tests.HomePageTest" name="blogTextTest" time="21.151"/>
  <system-out/>
  <testcase classname="com.myelth.tests.HomePageTest" name="BlogTest" time="20.263"/>
  <system-out/>
  <testcase classname="com.myelth.tests.HomePageTest" name="NewsTextTest" time="18.069"/>
  <system-out/>
  <testcase classname="com.myelth.tests.HomePageTest" name="NewsTest" time="20.746"/>
  <system-out/>
  <testcase classname="com.myelth.tests.HomePageTest" name="PlatformTextTest" time="18.579"/>
  <system-out/>
  <testcase classname="com.myelth.tests.HomePageTest" name="PlatformTest" time="25.084"/>
  <system-out/>
  <testcase classname="com.myelth.tests.HomePageTest" name="ProviderTextTest" time="18.431"/>
  <system-out/>
  <testcase classname="com.myelth.tests.HomePageTest" name="ProviderTest" time="22.642"/>
  <system-out/>
  <testcase classname="com.myelth.tests.HomePageTest" name="EmployerTextTest" time="20.626"/>
  <system-out/>
  <testcase classname="com.myelth.tests.HomePageTest" name="EmployerTest" time="22.329"/>
  <system-out/>
  <testcase classname="com.myelth.tests.HomePageTest" name="footerHomeTextTest" time="18.165"/>
  <system-out/>
  <testcase classname="com.myelth.tests.HomePageTest" name="footerHomeTest" time="34.317"/>
  <system-out/>
  <testcase classname="com.myelth.tests.HomePageTest" name="faqsTextTest" time="20.381"/>
  <system-out/>
  <testcase classname="com.myelth.tests.HomePageTest" name="faqsTest" time="23.828"/>
  <system-out/>
  <testcase classname="com.myelth.tests.HomePageTest" name="privacyPolicyTextTest" time="18.747"/>
  <system-out/>
  <testcase classname="com.myelth.tests.HomePageTest" name="privacyPolicyTest" time="21.119"/>
  <system-out/>
  <testcase classname="com.myelth.tests.HomePageTest" name="TermsAndConditionsTextTest" time="20.316"/>
  <system-out/>
  <testcase classname="com.myelth.tests.HomePageTest" name="TermsAndConditionsTest" time="20.269"/>
  <system-out/>
  <testcase classname="com.myelth.tests.HomePageTest" name="contactUsTest" time="18.831"/>
  <system-out/>
  <testcase classname="com.myelth.tests.HomePageTest" name="contactUsTextTest" time="37.166"/>
  <system-out/>
  <testcase classname="com.myelth.tests.HomePageTest" name="aboutUsTextTest" time="19.242"/>
  <system-out/>
  <testcase classname="com.myelth.tests.HomePageTest" name="aboutUsTest" time="20.855"/>
  <system-out/>
  <testcase classname="com.myelth.tests.HomePageTest" name="sliderImageTest" time="41.233"/>
  <system-out/>
  <testcase classname="com.myelth.tests.HomePageTest" name="sliderTextTest" time="18.538"/>
  <system-out/>
  <testcase classname="com.myelth.tests.HomePageTest" name="videofunctionalityTest" time="21.631"/>
  <system-out/>
  <testcase classname="com.myelth.tests.HomePageTest" name="videoDisplayTest" time="19.255"/>
  <system-out/>
  <testcase classname="com.myelth.tests.HomePageTest" name="sideNavDotsTest" time="20.820"/>
  <system-out/>
  <testcase classname="com.myelth.tests.HomePageTest" name="searchForCare_readMoreBtnDiplayTest" time="20.469"/>
  <system-out/>
  <testcase classname="com.myelth.tests.HomePageTest" name="searchForCare_readMoreBtnTest" time="20.275"/>
  <system-out/>
  <testcase classname="com.myelth.tests.HomePageTest" name="accessToRealtimeCoverage_readMoreBtnDisplayTest" time="20.978"/>
  <system-out/>
  <testcase classname="com.myelth.tests.HomePageTest" name="accessToRealtimeCoverage_readMoreBtnTest" time="22.845"/>
  <system-out/>
  <testcase classname="com.myelth.tests.HomePageTest" name="aggregateElectronicHealthRecords_readMoreBtnDisplayTest" time="18.507"/>
  <system-out/>
  <testcase classname="com.myelth.tests.HomePageTest" name="aggregateElectronicHealthRecords_readMoreBtnTest" time="20.558"/>
  <system-out/>
  <testcase classname="com.myelth.tests.HomePageTest" name="earnRewardsAndIncentives_readMoreBtnDisplayTest" time="20.457"/>
  <system-out/>
  <testcase classname="com.myelth.tests.HomePageTest" name="earnRewardsAndIncentives_readMoreBtnTest" time="19.778"/>
  <system-out/>
  <testcase classname="com.myelth.tests.HomePageTest" name="shareHealthInformation_readMoreBtnDisplayTest" time="18.185"/>
  <system-out/>
  <testcase classname="com.myelth.tests.HomePageTest" name="shareHealthInformation_readMoreBtnTest" time="22.154"/>
  <system-out/>
  <testcase classname="com.myelth.tests.HomePageTest" name="manageEntireFamilysHealth_readMoreBtnDisplayTest" time="21.028"/>
  <system-out/>
  <testcase classname="com.myelth.tests.HomePageTest" name="manageEntireFamilysHealth_readMoreBtnTest" time="19.442"/>
  <system-out/>
  <testcase classname="com.myelth.tests.HomePageTest" name="certificationsImageDisplayTest" time="22.476"/>
  <system-out/>
  <testcase classname="com.myelth.tests.HomePageTest" name="certificationsImageTest" time="24.631"/>
  <system-out/>
  <testcase classname="com.myelth.tests.HomePageTest" name="availableOnAppStoreImageTest" time="19.425"/>
  <system-out/>
  <testcase classname="com.myelth.tests.HomePageTest" name="availableOnAppStoreTest" time="24.583"/>
  <system-out/>
  <testcase classname="com.myelth.tests.HomePageTest" name="GetItOnGooglePlayImageTest" time="19.529"/>
  <system-out/>
  <testcase classname="com.myelth.tests.HomePageTest" name="GetItOnGooglePlayTest" time="20.947"/>
  <system-out/>
  <testcase classname="com.myelth.tests.HomePageTest" name="copyRightTest" time="18.522"/>
  <system-out/>
  <testcase classname="com.myelth.tests.HomePageTest" name="facebookDisplayTest" time="18.334"/>
  <system-out/>
  <testcase classname="com.myelth.tests.HomePageTest" name="facebookTest" time="23.852"/>
  <system-out/>
  <testcase classname="com.myelth.tests.HomePageTest" name="twitterDisplayTest" time="18.408"/>
  <system-out/>
  <testcase classname="com.myelth.tests.HomePageTest" name="twitterTest" time="21.777"/>
  <system-out/>
  <testcase classname="com.myelth.tests.HomePageTest" name="instagramDisplayTest" time="21.007"/>
  <system-out/>
  <testcase classname="com.myelth.tests.HomePageTest" name="instagramTest" time="19.836"/>
  <system-out/>
  <testcase classname="com.myelth.tests.HomePageTest" name="contactUs_btnDisplayTest" time="19.228"/>
  <system-out/>
  <testcase classname="com.myelth.tests.HomePageTest" name="contactUs_btnTest" time="34.928"/>
  <system-out/>
  <testcase classname="com.myelth.tests.HomePageTest" name="arrowPreviousTest" time="24.424"/>
  <system-out/>
  <testcase classname="com.myelth.tests.HomePageTest" name="arrowNextTest" time="25.375"/>
  <system-out/>
  <testcase classname="com.myelth.tests.HomePageTest" name="sliderDotsTest" time="18.357"/>
  <system-out/>
</testsuite> <!-- com.myelth.tests.HomePageTest -->
